<?xml version="1.0" encoding="UTF-8"?>
<testng-results ignored="0" total="1" passed="1" failed="0" skipped="0">
  <reporter-output>
  </reporter-output>
  <suite started-at="2025-03-26T08:37:41 IST" name="Default suite" finished-at="2025-03-26T08:37:56 IST" duration-ms="14763">
    <groups>
    </groups>
    <test started-at="2025-03-26T08:37:41 IST" name="Default test" finished-at="2025-03-26T08:37:56 IST" duration-ms="14763">
      <class name="junitpractice.GitDemo">
        <test-method is-config="true" signature="beforeTest()[pri:0, instance:junitpractice.GitDemo@57a3af25]" started-at="2025-03-26T08:37:41 IST" name="beforeTest" finished-at="2025-03-26T08:37:43 IST" duration-ms="2021" status="PASS">
          <reporter-output>
          </reporter-output>
        </test-method> <!-- beforeTest -->
        <test-method signature="techlearnlogin()[pri:0, instance:junitpractice.GitDemo@57a3af25]" started-at="2025-03-26T08:37:43 IST" name="techlearnlogin" finished-at="2025-03-26T08:37:56 IST" duration-ms="12395" status="PASS">
          <reporter-output>
          </reporter-output>
        </test-method> <!-- techlearnlogin -->
        <test-method is-config="true" signature="afterTest()[pri:0, instance:junitpractice.GitDemo@57a3af25]" started-at="2025-03-26T08:37:56 IST" name="afterTest" finished-at="2025-03-26T08:37:56 IST" duration-ms="301" status="PASS">
          <reporter-output>
          </reporter-output>
        </test-method> <!-- afterTest -->
      </class> <!-- junitpractice.GitDemo -->
    </test> <!-- Default test -->
  </suite> <!-- Default suite -->
</testng-results>
